  Exercice4_CompressionImage.cpp
e:\clement\uqac\structuredonnées\devoir2\devoir2_fakihani_gala_laschkar_pryfer_rendu_8inf840_e2018\exercice4_compressionimage\exercice4_compressionimage\exercice4_compressionimage.cpp(25): error C2065: 'QuadTree' : identificateur non déclaré
e:\clement\uqac\structuredonnées\devoir2\devoir2_fakihani_gala_laschkar_pryfer_rendu_8inf840_e2018\exercice4_compressionimage\exercice4_compressionimage\exercice4_compressionimage.cpp(25): error C2065: 'qt' : identificateur non déclaré
e:\clement\uqac\structuredonnées\devoir2\devoir2_fakihani_gala_laschkar_pryfer_rendu_8inf840_e2018\exercice4_compressionimage\exercice4_compressionimage\exercice4_compressionimage.cpp(25): error C2065: 'string' : identificateur non déclaré
e:\clement\uqac\structuredonnées\devoir2\devoir2_fakihani_gala_laschkar_pryfer_rendu_8inf840_e2018\exercice4_compressionimage\exercice4_compressionimage\exercice4_compressionimage.cpp(25): error C2146: erreur de syntaxe : absence de ')' avant l'identificateur 'prefix'
e:\clement\uqac\structuredonnées\devoir2\devoir2_fakihani_gala_laschkar_pryfer_rendu_8inf840_e2018\exercice4_compressionimage\exercice4_compressionimage\exercice4_compressionimage.cpp(25): error C2143: erreur de syntaxe : absence de ';' avant '{'
e:\clement\uqac\structuredonnées\devoir2\devoir2_fakihani_gala_laschkar_pryfer_rendu_8inf840_e2018\exercice4_compressionimage\exercice4_compressionimage\exercice4_compressionimage.cpp(25): error C2447: '{' : en-tête de fonction manquant (liste formelle à l'ancien format ?)
  QuadLeaf.cpp
e:\clement\uqac\structuredonnées\devoir2\devoir2_fakihani_gala_laschkar_pryfer_rendu_8inf840_e2018\exercice4_compressionimage\exercice4_compressionimage\quadleaf.h(9): error C2143: erreur de syntaxe : absence de ',' avant '<'
  e:\clement\uqac\structuredonnées\devoir2\devoir2_fakihani_gala_laschkar_pryfer_rendu_8inf840_e2018\exercice4_compressionimage\exercice4_compressionimage\quadleaf.h(27): note: voir la référence à l'instanciation de classe modèle 'QuadLeaf<T>' en cours de compilation
e:\clement\uqac\structuredonnées\devoir2\devoir2_fakihani_gala_laschkar_pryfer_rendu_8inf840_e2018\exercice4_compressionimage\exercice4_compressionimage\quadleaf.h(25): error C2143: erreur de syntaxe : absence de ';' avant '<'
e:\clement\uqac\structuredonnées\devoir2\devoir2_fakihani_gala_laschkar_pryfer_rendu_8inf840_e2018\exercice4_compressionimage\exercice4_compressionimage\quadleaf.h(25): error C7525: les variables inline nécessitent au moins '/std:c++17'
e:\clement\uqac\structuredonnées\devoir2\devoir2_fakihani_gala_laschkar_pryfer_rendu_8inf840_e2018\exercice4_compressionimage\exercice4_compressionimage\quadleaf.h(25): error C4430: spécificateur de type manquant - int est pris en compte par défaut. Remarque : C++ ne prend pas en charge int par défaut
e:\clement\uqac\structuredonnées\devoir2\devoir2_fakihani_gala_laschkar_pryfer_rendu_8inf840_e2018\exercice4_compressionimage\exercice4_compressionimage\quadleaf.h(25): error C2334: jetons inattendus avant '{' ; corps apparent de la fonction ignoré
e:\clement\uqac\structuredonnées\devoir2\devoir2_fakihani_gala_laschkar_pryfer_rendu_8inf840_e2018\exercice4_compressionimage\exercice4_compressionimage\quadleaf.h(26): error C2143: erreur de syntaxe : absence de ';' avant '<'
e:\clement\uqac\structuredonnées\devoir2\devoir2_fakihani_gala_laschkar_pryfer_rendu_8inf840_e2018\exercice4_compressionimage\exercice4_compressionimage\quadleaf.h(26): error C7525: les variables inline nécessitent au moins '/std:c++17'
e:\clement\uqac\structuredonnées\devoir2\devoir2_fakihani_gala_laschkar_pryfer_rendu_8inf840_e2018\exercice4_compressionimage\exercice4_compressionimage\quadleaf.h(26): error C4430: spécificateur de type manquant - int est pris en compte par défaut. Remarque : C++ ne prend pas en charge int par défaut
e:\clement\uqac\structuredonnées\devoir2\devoir2_fakihani_gala_laschkar_pryfer_rendu_8inf840_e2018\exercice4_compressionimage\exercice4_compressionimage\quadleaf.h(26): error C2334: jetons inattendus avant '{' ; corps apparent de la fonction ignoré
e:\clement\uqac\structuredonnées\devoir2\devoir2_fakihani_gala_laschkar_pryfer_rendu_8inf840_e2018\exercice4_compressionimage\exercice4_compressionimage\quadleaf.cpp(4): error C2244: 'QuadLeaf::QuadLeaf' : impossible de faire correspondre la définition de fonction avec une déclaration existante
  e:\clement\uqac\structuredonnées\devoir2\devoir2_fakihani_gala_laschkar_pryfer_rendu_8inf840_e2018\exercice4_compressionimage\exercice4_compressionimage\quadleaf.cpp(4): note: voir la déclaration de 'QuadLeaf::QuadLeaf'
  e:\clement\uqac\structuredonnées\devoir2\devoir2_fakihani_gala_laschkar_pryfer_rendu_8inf840_e2018\exercice4_compressionimage\exercice4_compressionimage\quadleaf.cpp(4): note: définition
  e:\clement\uqac\structuredonnées\devoir2\devoir2_fakihani_gala_laschkar_pryfer_rendu_8inf840_e2018\exercice4_compressionimage\exercice4_compressionimage\quadleaf.cpp(4): note: 'QuadLeaf::QuadLeaf(void)'
  e:\clement\uqac\structuredonnées\devoir2\devoir2_fakihani_gala_laschkar_pryfer_rendu_8inf840_e2018\exercice4_compressionimage\exercice4_compressionimage\quadleaf.cpp(4): note: déclarations existantes
  e:\clement\uqac\structuredonnées\devoir2\devoir2_fakihani_gala_laschkar_pryfer_rendu_8inf840_e2018\exercice4_compressionimage\exercice4_compressionimage\quadleaf.cpp(4): note: 'QuadLeaf<T>::QuadLeaf(T)'
e:\clement\uqac\structuredonnées\devoir2\devoir2_fakihani_gala_laschkar_pryfer_rendu_8inf840_e2018\exercice4_compressionimage\exercice4_compressionimage\quadleaf.cpp(5): error C2039: '{dtor}' : n'est pas membre de 'QuadLeaf'
  e:\clement\uqac\structuredonnées\devoir2\devoir2_fakihani_gala_laschkar_pryfer_rendu_8inf840_e2018\exercice4_compressionimage\exercice4_compressionimage\quadleaf.h(9): note: voir la déclaration de 'QuadLeaf'
e:\clement\uqac\structuredonnées\devoir2\devoir2_fakihani_gala_laschkar_pryfer_rendu_8inf840_e2018\exercice4_compressionimage\exercice4_compressionimage\quadleaf.cpp(5): error C2447: '{' : en-tête de fonction manquant (liste formelle à l'ancien format ?)
  QuadNode.cpp
e:\clement\uqac\structuredonnées\devoir2\devoir2_fakihani_gala_laschkar_pryfer_rendu_8inf840_e2018\exercice4_compressionimage\exercice4_compressionimage\quadnode.h(9): error C2143: erreur de syntaxe : absence de ',' avant '<'
  e:\clement\uqac\structuredonnées\devoir2\devoir2_fakihani_gala_laschkar_pryfer_rendu_8inf840_e2018\exercice4_compressionimage\exercice4_compressionimage\quadnode.h(59): note: voir la référence à l'instanciation de classe modèle 'QuadNode<T>' en cours de compilation
e:\clement\uqac\structuredonnées\devoir2\devoir2_fakihani_gala_laschkar_pryfer_rendu_8inf840_e2018\exercice4_compressionimage\exercice4_compressionimage\quadnode.h(10): error C2143: erreur de syntaxe : absence de ';' avant '<'
e:\clement\uqac\structuredonnées\devoir2\devoir2_fakihani_gala_laschkar_pryfer_rendu_8inf840_e2018\exercice4_compressionimage\exercice4_compressionimage\quadnode.h(10): error C4430: spécificateur de type manquant - int est pris en compte par défaut. Remarque : C++ ne prend pas en charge int par défaut
e:\clement\uqac\structuredonnées\devoir2\devoir2_fakihani_gala_laschkar_pryfer_rendu_8inf840_e2018\exercice4_compressionimage\exercice4_compressionimage\quadnode.h(10): error C2238: jetons inattendus avant ';'
e:\clement\uqac\structuredonnées\devoir2\devoir2_fakihani_gala_laschkar_pryfer_rendu_8inf840_e2018\exercice4_compressionimage\exercice4_compressionimage\quadnode.h(16): error C2061: erreur de syntaxe : identificateur 'QuadTree'
e:\clement\uqac\structuredonnées\devoir2\devoir2_fakihani_gala_laschkar_pryfer_rendu_8inf840_e2018\exercice4_compressionimage\exercice4_compressionimage\quadnode.h(16): error C2535: 'QuadNode<T>::QuadNode(void)' : fonction membre déjà définie ou déclarée
  e:\clement\uqac\structuredonnées\devoir2\devoir2_fakihani_gala_laschkar_pryfer_rendu_8inf840_e2018\exercice4_compressionimage\exercice4_compressionimage\quadnode.h(15): note: voir la déclaration de 'QuadNode<T>::QuadNode'
e:\clement\uqac\structuredonnées\devoir2\devoir2_fakihani_gala_laschkar_pryfer_rendu_8inf840_e2018\exercice4_compressionimage\exercice4_compressionimage\quadnode.h(17): error C2061: erreur de syntaxe : identificateur 'QuadTree'
e:\clement\uqac\structuredonnées\devoir2\devoir2_fakihani_gala_laschkar_pryfer_rendu_8inf840_e2018\exercice4_compressionimage\exercice4_compressionimage\quadnode.h(17): error C2535: 'QuadNode<T>::QuadNode(void)' : fonction membre déjà définie ou déclarée
  e:\clement\uqac\structuredonnées\devoir2\devoir2_fakihani_gala_laschkar_pryfer_rendu_8inf840_e2018\exercice4_compressionimage\exercice4_compressionimage\quadnode.h(15): note: voir la déclaration de 'QuadNode<T>::QuadNode'
e:\clement\uqac\structuredonnées\devoir2\devoir2_fakihani_gala_laschkar_pryfer_rendu_8inf840_e2018\exercice4_compressionimage\exercice4_compressionimage\quadnode.h(52): error C2143: erreur de syntaxe : absence de ';' avant '<'
e:\clement\uqac\structuredonnées\devoir2\devoir2_fakihani_gala_laschkar_pryfer_rendu_8inf840_e2018\exercice4_compressionimage\exercice4_compressionimage\quadnode.h(52): error C7525: les variables inline nécessitent au moins '/std:c++17'
e:\clement\uqac\structuredonnées\devoir2\devoir2_fakihani_gala_laschkar_pryfer_rendu_8inf840_e2018\exercice4_compressionimage\exercice4_compressionimage\quadnode.h(52): error C4430: spécificateur de type manquant - int est pris en compte par défaut. Remarque : C++ ne prend pas en charge int par défaut
e:\clement\uqac\structuredonnées\devoir2\devoir2_fakihani_gala_laschkar_pryfer_rendu_8inf840_e2018\exercice4_compressionimage\exercice4_compressionimage\quadnode.h(52): error C2334: jetons inattendus avant '{' ; corps apparent de la fonction ignoré
e:\clement\uqac\structuredonnées\devoir2\devoir2_fakihani_gala_laschkar_pryfer_rendu_8inf840_e2018\exercice4_compressionimage\exercice4_compressionimage\quadnode.h(48): error C2760: erreur de syntaxe : jeton inattendu 'identificateur', attendu 'spécificateur de type'
e:\clement\uqac\structuredonnées\devoir2\devoir2_fakihani_gala_laschkar_pryfer_rendu_8inf840_e2018\exercice4_compressionimage\exercice4_compressionimage\quadnode.h(49): error C2760: erreur de syntaxe : jeton inattendu 'identificateur', attendu 'spécificateur de type'
e:\clement\uqac\structuredonnées\devoir2\devoir2_fakihani_gala_laschkar_pryfer_rendu_8inf840_e2018\exercice4_compressionimage\exercice4_compressionimage\quadnode.cpp(5): error C2244: 'QuadNode::QuadNode' : impossible de faire correspondre la définition de fonction avec une déclaration existante
  e:\clement\uqac\structuredonnées\devoir2\devoir2_fakihani_gala_laschkar_pryfer_rendu_8inf840_e2018\exercice4_compressionimage\exercice4_compressionimage\quadnode.cpp(5): note: voir la déclaration de 'QuadNode::QuadNode'
  e:\clement\uqac\structuredonnées\devoir2\devoir2_fakihani_gala_laschkar_pryfer_rendu_8inf840_e2018\exercice4_compressionimage\exercice4_compressionimage\quadnode.cpp(5): note: définition
  e:\clement\uqac\structuredonnées\devoir2\devoir2_fakihani_gala_laschkar_pryfer_rendu_8inf840_e2018\exercice4_compressionimage\exercice4_compressionimage\quadnode.cpp(5): note: 'QuadNode::QuadNode(void)'
  e:\clement\uqac\structuredonnées\devoir2\devoir2_fakihani_gala_laschkar_pryfer_rendu_8inf840_e2018\exercice4_compressionimage\exercice4_compressionimage\quadnode.cpp(5): note: déclarations existantes
  e:\clement\uqac\structuredonnées\devoir2\devoir2_fakihani_gala_laschkar_pryfer_rendu_8inf840_e2018\exercice4_compressionimage\exercice4_compressionimage\quadnode.cpp(5): note: 'QuadNode<T>::QuadNode(void)'
e:\clement\uqac\structuredonnées\devoir2\devoir2_fakihani_gala_laschkar_pryfer_rendu_8inf840_e2018\exercice4_compressionimage\exercice4_compressionimage\quadnode.cpp(9): error C2988: impossible de reconnaître la définition/déclaration de modèle
e:\clement\uqac\structuredonnées\devoir2\devoir2_fakihani_gala_laschkar_pryfer_rendu_8inf840_e2018\exercice4_compressionimage\exercice4_compressionimage\quadnode.cpp(9): error C2059: erreur de syntaxe : '('
e:\clement\uqac\structuredonnées\devoir2\devoir2_fakihani_gala_laschkar_pryfer_rendu_8inf840_e2018\exercice4_compressionimage\exercice4_compressionimage\quadnode.cpp(9): error C2143: erreur de syntaxe : absence de ';' avant '{'
e:\clement\uqac\structuredonnées\devoir2\devoir2_fakihani_gala_laschkar_pryfer_rendu_8inf840_e2018\exercice4_compressionimage\exercice4_compressionimage\quadnode.cpp(9): error C2447: '{' : en-tête de fonction manquant (liste formelle à l'ancien format ?)
e:\clement\uqac\structuredonnées\devoir2\devoir2_fakihani_gala_laschkar_pryfer_rendu_8inf840_e2018\exercice4_compressionimage\exercice4_compressionimage\quadnode.cpp(13): error C2988: impossible de reconnaître la définition/déclaration de modèle
e:\clement\uqac\structuredonnées\devoir2\devoir2_fakihani_gala_laschkar_pryfer_rendu_8inf840_e2018\exercice4_compressionimage\exercice4_compressionimage\quadnode.cpp(13): error C2059: erreur de syntaxe : '('
e:\clement\uqac\structuredonnées\devoir2\devoir2_fakihani_gala_laschkar_pryfer_rendu_8inf840_e2018\exercice4_compressionimage\exercice4_compressionimage\quadnode.cpp(13): error C2143: erreur de syntaxe : absence de ';' avant '{'
e:\clement\uqac\structuredonnées\devoir2\devoir2_fakihani_gala_laschkar_pryfer_rendu_8inf840_e2018\exercice4_compressionimage\exercice4_compressionimage\quadnode.cpp(13): error C2447: '{' : en-tête de fonction manquant (liste formelle à l'ancien format ?)
e:\clement\uqac\structuredonnées\devoir2\devoir2_fakihani_gala_laschkar_pryfer_rendu_8inf840_e2018\exercice4_compressionimage\exercice4_compressionimage\quadnode.cpp(20): error C2244: 'QuadNode::~QuadNode' : impossible de faire correspondre la définition de fonction avec une déclaration existante
  e:\clement\uqac\structuredonnées\devoir2\devoir2_fakihani_gala_laschkar_pryfer_rendu_8inf840_e2018\exercice4_compressionimage\exercice4_compressionimage\quadnode.cpp(20): note: voir la déclaration de 'QuadNode::~QuadNode'
  e:\clement\uqac\structuredonnées\devoir2\devoir2_fakihani_gala_laschkar_pryfer_rendu_8inf840_e2018\exercice4_compressionimage\exercice4_compressionimage\quadnode.cpp(20): note: définition
  e:\clement\uqac\structuredonnées\devoir2\devoir2_fakihani_gala_laschkar_pryfer_rendu_8inf840_e2018\exercice4_compressionimage\exercice4_compressionimage\quadnode.cpp(20): note: 'QuadNode::~QuadNode(void)'
  e:\clement\uqac\structuredonnées\devoir2\devoir2_fakihani_gala_laschkar_pryfer_rendu_8inf840_e2018\exercice4_compressionimage\exercice4_compressionimage\quadnode.cpp(20): note: déclarations existantes
  e:\clement\uqac\structuredonnées\devoir2\devoir2_fakihani_gala_laschkar_pryfer_rendu_8inf840_e2018\exercice4_compressionimage\exercice4_compressionimage\quadnode.cpp(20): note: 'QuadNode<T>::~QuadNode(void)'
  QuadTree.cpp
e:\clement\uqac\structuredonnées\devoir2\devoir2_fakihani_gala_laschkar_pryfer_rendu_8inf840_e2018\exercice4_compressionimage\exercice4_compressionimage\quadtree.cpp(9): error C2955: 'QuadTree' : l'utilisation de classe modèle requiert une liste d'arguments modèle
  e:\clement\uqac\structuredonnées\devoir2\devoir2_fakihani_gala_laschkar_pryfer_rendu_8inf840_e2018\exercice4_compressionimage\exercice4_compressionimage\quadtree.h(13): note: voir la déclaration de 'QuadTree'
e:\clement\uqac\structuredonnées\devoir2\devoir2_fakihani_gala_laschkar_pryfer_rendu_8inf840_e2018\exercice4_compressionimage\exercice4_compressionimage\quadtree.cpp(9): error C2039: '{ctor}' : n'est pas membre de 'QuadTree'
  e:\clement\uqac\structuredonnées\devoir2\devoir2_fakihani_gala_laschkar_pryfer_rendu_8inf840_e2018\exercice4_compressionimage\exercice4_compressionimage\quadtree.h(13): note: voir la déclaration de 'QuadTree'
e:\clement\uqac\structuredonnées\devoir2\devoir2_fakihani_gala_laschkar_pryfer_rendu_8inf840_e2018\exercice4_compressionimage\exercice4_compressionimage\quadtree.cpp(9): error C2447: '{' : en-tête de fonction manquant (liste formelle à l'ancien format ?)
e:\clement\uqac\structuredonnées\devoir2\devoir2_fakihani_gala_laschkar_pryfer_rendu_8inf840_e2018\exercice4_compressionimage\exercice4_compressionimage\quadtree.cpp(10): error C2244: 'QuadTree::~QuadTree' : impossible de faire correspondre la définition de fonction avec une déclaration existante
  e:\clement\uqac\structuredonnées\devoir2\devoir2_fakihani_gala_laschkar_pryfer_rendu_8inf840_e2018\exercice4_compressionimage\exercice4_compressionimage\quadtree.cpp(10): note: voir la déclaration de 'QuadTree::~QuadTree'
  e:\clement\uqac\structuredonnées\devoir2\devoir2_fakihani_gala_laschkar_pryfer_rendu_8inf840_e2018\exercice4_compressionimage\exercice4_compressionimage\quadtree.cpp(10): note: définition
  e:\clement\uqac\structuredonnées\devoir2\devoir2_fakihani_gala_laschkar_pryfer_rendu_8inf840_e2018\exercice4_compressionimage\exercice4_compressionimage\quadtree.cpp(10): note: 'QuadTree::~QuadTree(void)'
  e:\clement\uqac\structuredonnées\devoir2\devoir2_fakihani_gala_laschkar_pryfer_rendu_8inf840_e2018\exercice4_compressionimage\exercice4_compressionimage\quadtree.cpp(10): note: déclarations existantes
  e:\clement\uqac\structuredonnées\devoir2\devoir2_fakihani_gala_laschkar_pryfer_rendu_8inf840_e2018\exercice4_compressionimage\exercice4_compressionimage\quadtree.cpp(10): note: 'QuadTree<T>::~QuadTree(void)'
  Génération de code en cours...
